# JRE version: Java(TM) SE Runtime Environment (8.0_121-b13) (build 1.8.0_121-b13)
# Java VM: Java HotSpot(TM) 64-Bit Server VM (25.121-b13 mixed mode windows-amd64 compressed oops)
Heap:
 PSYoungGen      total 168448K, used 42552K [0x00000000e0000000, 0x00000000ebc80000, 0x0000000100000000)
  eden space 147968K, 15% used [0x00000000e0000000,0x00000000e1616438,0x00000000e9080000)
  from space 20480K, 97% used [0x00000000ea800000,0x00000000ebb77c08,0x00000000ebc00000)
  to   space 22528K, 0% used [0x00000000e9080000,0x00000000e9080000,0x00000000ea680000)
 ParOldGen       total 283648K, used 29299K [0x00000000a0000000, 0x00000000b1500000, 0x00000000e0000000)
  object space 283648K, 10% used [0x00000000a0000000,0x00000000a1c9cfd0,0x00000000b1500000)
 Metaspace       used 74970K, capacity 78534K, committed 78848K, reserved 1118208K
  class space    used 9920K, capacity 10633K, committed 10752K, reserved 1048576K
GC Heap History (10 events):
Event: 353.795 GC heap before
{Heap before GC invocations=13 (full 3):
 PSYoungGen      total 132096K, used 15797K [0x00000000e0000000, 0x00000000ea680000, 0x0000000100000000)
  eden space 116224K, 0% used [0x00000000e0000000,0x00000000e0000000,0x00000000e7180000)
  from space 15872K, 99% used [0x00000000e9700000,0x00000000ea66d550,0x00000000ea680000)
  to   space 18944K, 0% used [0x00000000e8180000,0x00000000e8180000,0x00000000e9400000)
 ParOldGen       total 194048K, used 19616K [0x00000000a0000000, 0x00000000abd80000, 0x00000000e0000000)
  object space 194048K, 10% used [0x00000000a0000000,0x00000000a1328090,0x00000000abd80000)
 Metaspace       used 57355K, capacity 59040K, committed 59136K, reserved 1099776K
  class space    used 7522K, capacity 7899K, committed 7936K, reserved 1048576K
Event: 353.953 GC heap after
Heap after GC invocations=13 (full 3):
 PSYoungGen      total 132096K, used 0K [0x00000000e0000000, 0x00000000ea680000, 0x0000000100000000)
  eden space 116224K, 0% used [0x00000000e0000000,0x00000000e0000000,0x00000000e7180000)
  from space 15872K, 0% used [0x00000000e9700000,0x00000000e9700000,0x00000000ea680000)
  to   space 18944K, 0% used [0x00000000e8180000,0x00000000e8180000,0x00000000e9400000)
 ParOldGen       total 283648K, used 29267K [0x00000000a0000000, 0x00000000b1500000, 0x00000000e0000000)
  object space 283648K, 10% used [0x00000000a0000000,0x00000000a1c94fd0,0x00000000b1500000)
 Metaspace       used 57355K, capacity 59040K, committed 59136K, reserved 1099776K
  class space    used 7522K, capacity 7899K, committed 7936K, reserved 1048576K
}
Event: 356.774 GC heap before
{Heap before GC invocations=14 (full 3):
 PSYoungGen      total 132096K, used 116224K [0x00000000e0000000, 0x00000000ea680000, 0x0000000100000000)
  eden space 116224K, 100% used [0x00000000e0000000,0x00000000e7180000,0x00000000e7180000)
  from space 15872K, 0% used [0x00000000e9700000,0x00000000e9700000,0x00000000ea680000)
  to   space 18944K, 0% used [0x00000000e8180000,0x00000000e8180000,0x00000000e9400000)
 ParOldGen       total 283648K, used 29267K [0x00000000a0000000, 0x00000000b1500000, 0x00000000e0000000)
  object space 283648K, 10% used [0x00000000a0000000,0x00000000a1c94fd0,0x00000000b1500000)
 Metaspace       used 63919K, capacity 66082K, committed 66304K, reserved 1105920K
  class space    used 8393K, capacity 8856K, committed 8960K, reserved 1048576K
Event: 356.786 GC heap after
Heap after GC invocations=14 (full 3):
 PSYoungGen      total 151552K, used 11353K [0x00000000e0000000, 0x00000000ea780000, 0x0000000100000000)
  eden space 132608K, 0% used [0x00000000e0000000,0x00000000e0000000,0x00000000e8180000)
  from space 18944K, 59% used [0x00000000e8180000,0x00000000e8c965c0,0x00000000e9400000)
  to   space 18432K, 0% used [0x00000000e9580000,0x00000000e9580000,0x00000000ea780000)
 ParOldGen       total 283648K, used 29275K [0x00000000a0000000, 0x00000000b1500000, 0x00000000e0000000)
  object space 283648K, 10% used [0x00000000a0000000,0x00000000a1c96fd0,0x00000000b1500000)
 Metaspace       used 63919K, capacity 66082K, committed 66304K, reserved 1105920K
  class space    used 8393K, capacity 8856K, committed 8960K, reserved 1048576K
}
Event: 358.970 GC heap before
{Heap before GC invocations=15 (full 3):
 PSYoungGen      total 151552K, used 143961K [0x00000000e0000000, 0x00000000ea780000, 0x0000000100000000)
  eden space 132608K, 100% used [0x00000000e0000000,0x00000000e8180000,0x00000000e8180000)
  from space 18944K, 59% used [0x00000000e8180000,0x00000000e8c965c0,0x00000000e9400000)
  to   space 18432K, 0% used [0x00000000e9580000,0x00000000e9580000,0x00000000ea780000)
 ParOldGen       total 283648K, used 29275K [0x00000000a0000000, 0x00000000b1500000, 0x00000000e0000000)
  object space 283648K, 10% used [0x00000000a0000000,0x00000000a1c96fd0,0x00000000b1500000)
 Metaspace       used 69619K, capacity 72188K, committed 72320K, reserved 1112064K
  class space    used 9306K, capacity 9851K, committed 9856K, reserved 1048576K
Event: 358.982 GC heap after
Heap after GC invocations=15 (full 3):
 PSYoungGen      total 152576K, used 14280K [0x00000000e0000000, 0x00000000ebb00000, 0x0000000100000000)
  eden space 134144K, 0% used [0x00000000e0000000,0x00000000e0000000,0x00000000e8300000)
  from space 18432K, 77% used [0x00000000e9580000,0x00000000ea372268,0x00000000ea780000)
  to   space 18944K, 0% used [0x00000000e8300000,0x00000000e8300000,0x00000000e9580000)
 ParOldGen       total 283648K, used 29283K [0x00000000a0000000, 0x00000000b1500000, 0x00000000e0000000)
  object space 283648K, 10% used [0x00000000a0000000,0x00000000a1c98fd0,0x00000000b1500000)
 Metaspace       used 69619K, capacity 72188K, committed 72320K, reserved 1112064K
  class space    used 9306K, capacity 9851K, committed 9856K, reserved 1048576K
}
Event: 627.202 GC heap before
{Heap before GC invocations=16 (full 3):
 PSYoungGen      total 152576K, used 148424K [0x00000000e0000000, 0x00000000ebb00000, 0x0000000100000000)
  eden space 134144K, 100% used [0x00000000e0000000,0x00000000e8300000,0x00000000e8300000)
  from space 18432K, 77% used [0x00000000e9580000,0x00000000ea372268,0x00000000ea780000)
  to   space 18944K, 0% used [0x00000000e8300000,0x00000000e8300000,0x00000000e9580000)
 ParOldGen       total 283648K, used 29283K [0x00000000a0000000, 0x00000000b1500000, 0x00000000e0000000)
  object space 283648K, 10% used [0x00000000a0000000,0x00000000a1c98fd0,0x00000000b1500000)
 Metaspace       used 73266K, capacity 76552K, committed 76800K, reserved 1116160K
  class space    used 9757K, capacity 10400K, committed 10496K, reserved 1048576K
Event: 627.220 GC heap after
Heap after GC invocations=16 (full 3):
 PSYoungGen      total 153088K, used 18849K [0x00000000e0000000, 0x00000000ebc00000, 0x0000000100000000)
  eden space 134144K, 0% used [0x00000000e0000000,0x00000000e0000000,0x00000000e8300000)
  from space 18944K, 99% used [0x00000000e8300000,0x00000000e95684c8,0x00000000e9580000)
  to   space 20480K, 0% used [0x00000000ea800000,0x00000000ea800000,0x00000000ebc00000)
 ParOldGen       total 283648K, used 29291K [0x00000000a0000000, 0x00000000b1500000, 0x00000000e0000000)
  object space 283648K, 10% used [0x00000000a0000000,0x00000000a1c9afd0,0x00000000b1500000)
 Metaspace       used 73266K, capacity 76552K, committed 76800K, reserved 1116160K
  class space    used 9757K, capacity 10400K, committed 10496K, reserved 1048576K
}
Event: 1055.492 GC heap before
{Heap before GC invocations=17 (full 3):
 PSYoungGen      total 153088K, used 152993K [0x00000000e0000000, 0x00000000ebc00000, 0x0000000100000000)
  eden space 134144K, 100% used [0x00000000e0000000,0x00000000e8300000,0x00000000e8300000)
  from space 18944K, 99% used [0x00000000e8300000,0x00000000e95684c8,0x00000000e9580000)
  to   space 20480K, 0% used [0x00000000ea800000,0x00000000ea800000,0x00000000ebc00000)
 ParOldGen       total 283648K, used 29291K [0x00000000a0000000, 0x00000000b1500000, 0x00000000e0000000)
  object space 283648K, 10% used [0x00000000a0000000,0x00000000a1c9afd0,0x00000000b1500000)
 Metaspace       used 74547K, capacity 78080K, committed 78208K, reserved 1116160K
  class space    used 9885K, capacity 10594K, committed 10624K, reserved 1048576K
Event: 1055.515 GC heap after
Heap after GC invocations=17 (full 3):
 PSYoungGen      total 168448K, used 19935K [0x00000000e0000000, 0x00000000ebc80000, 0x0000000100000000)
  eden space 147968K, 0% used [0x00000000e0000000,0x00000000e0000000,0x00000000e9080000)
  from space 20480K, 97% used [0x00000000ea800000,0x00000000ebb77c08,0x00000000ebc00000)
  to   space 22528K, 0% used [0x00000000e9080000,0x00000000e9080000,0x00000000ea680000)
 ParOldGen       total 283648K, used 29299K [0x00000000a0000000, 0x00000000b1500000, 0x00000000e0000000)
  object space 283648K, 10% used [0x00000000a0000000,0x00000000a1c9cfd0,0x00000000b1500000)
 Metaspace       used 74547K, capacity 78080K, committed 78208K, reserved 1116160K
  class space    used 9885K, capacity 10594K, committed 10624K, reserved 1048576K
}

